# JRE version: OpenJDK Runtime Environment (15.0.2+7) (build 15.0.2+7-27)
# Java VM: OpenJDK 64-Bit Server VM (15.0.2+7-27, mixed mode, tiered, compressed oops, g1 gc, windows-amd64)
GC Precious Log:
 CPUs: 4 total, 4 available
 Memory: 3930M
 Large Page Support: Disabled
 NUMA Support: Disabled
 Compressed Oops: Enabled (32-bit)
 Heap Region Size: 1M
 Heap Min Capacity: 8M
 Heap Initial Capacity: 62M
 Heap Max Capacity: 984M
 Pre-touch: Disabled
 Parallel Workers: 4
 Concurrent Workers: 1
 Concurrent Refinement Workers: 4
 Periodic GC: Disabled
Heap:
 garbage-first heap   total 45056K, used 26802K [0x00000000c2800000, 0x0000000100000000)
  region size 1024K, 6 young (6144K), 1 survivors (1024K)
 Metaspace       used 54833K, capacity 55396K, committed 55472K, reserved 1097728K
  class space    used 6450K, capacity 6646K, committed 6656K, reserved 1048576K
GC Heap History (20 events):
Event: 5.252 GC heap before
{Heap before GC invocations=9 (full 0):
 garbage-first heap   total 36864K, used 23931K [0x00000000c2800000, 0x0000000100000000)
  region size 1024K, 16 young (16384K), 3 survivors (3072K)
 Metaspace       used 35299K, capacity 35739K, committed 35888K, reserved 1081344K
  class space    used 4223K, capacity 4369K, committed 4480K, reserved 1048576K
}
Event: 5.263 GC heap after
{Heap after GC invocations=10 (full 0):
 garbage-first heap   total 36864K, used 13561K [0x00000000c2800000, 0x0000000100000000)
  region size 1024K, 1 young (1024K), 1 survivors (1024K)
 Metaspace       used 35299K, capacity 35739K, committed 35888K, reserved 1081344K
  class space    used 4223K, capacity 4369K, committed 4480K, reserved 1048576K
}
Event: 5.587 GC heap before
{Heap before GC invocations=11 (full 0):
 garbage-first heap   total 36864K, used 25849K [0x00000000c2800000, 0x0000000100000000)
  region size 1024K, 14 young (14336K), 1 survivors (1024K)
 Metaspace       used 36864K, capacity 37320K, committed 37424K, reserved 1081344K
  class space    used 4453K, capacity 4633K, committed 4736K, reserved 1048576K
}
Event: 5.591 GC heap after
{Heap after GC invocations=12 (full 0):
 garbage-first heap   total 36864K, used 14340K [0x00000000c2800000, 0x0000000100000000)
  region size 1024K, 2 young (2048K), 2 survivors (2048K)
 Metaspace       used 36864K, capacity 37320K, committed 37424K, reserved 1081344K
  class space    used 4453K, capacity 4633K, committed 4736K, reserved 1048576K
}
Event: 5.927 GC heap before
{Heap before GC invocations=12 (full 0):
 garbage-first heap   total 36864K, used 26628K [0x00000000c2800000, 0x0000000100000000)
  region size 1024K, 15 young (15360K), 2 survivors (2048K)
 Metaspace       used 38682K, capacity 39177K, committed 39472K, reserved 1083392K
  class space    used 4705K, capacity 4866K, committed 4992K, reserved 1048576K
}
Event: 5.934 GC heap after
{Heap after GC invocations=13 (full 0):
 garbage-first heap   total 36864K, used 15845K [0x00000000c2800000, 0x0000000100000000)
  region size 1024K, 2 young (2048K), 2 survivors (2048K)
 Metaspace       used 38682K, capacity 39177K, committed 39472K, reserved 1083392K
  class space    used 4705K, capacity 4866K, committed 4992K, reserved 1048576K
}
Event: 6.265 GC heap before
{Heap before GC invocations=13 (full 0):
 garbage-first heap   total 36864K, used 28133K [0x00000000c2800000, 0x0000000100000000)
  region size 1024K, 14 young (14336K), 2 survivors (2048K)
 Metaspace       used 40981K, capacity 41374K, committed 41520K, reserved 1085440K
  class space    used 4978K, capacity 5128K, committed 5248K, reserved 1048576K
}
Event: 6.271 GC heap after
{Heap after GC invocations=14 (full 0):
 garbage-first heap   total 45056K, used 17408K [0x00000000c2800000, 0x0000000100000000)
  region size 1024K, 2 young (2048K), 2 survivors (2048K)
 Metaspace       used 40981K, capacity 41374K, committed 41520K, reserved 1085440K
  class space    used 4978K, capacity 5128K, committed 5248K, reserved 1048576K
}
Event: 6.877 GC heap before
{Heap before GC invocations=14 (full 0):
 garbage-first heap   total 45056K, used 32768K [0x00000000c2800000, 0x0000000100000000)
  region size 1024K, 18 young (18432K), 2 survivors (2048K)
 Metaspace       used 46394K, capacity 46861K, committed 47024K, reserved 1091584K
  class space    used 5635K, capacity 5803K, committed 5888K, reserved 1048576K
}
Event: 6.882 GC heap after
{Heap after GC invocations=15 (full 0):
 garbage-first heap   total 45056K, used 19523K [0x00000000c2800000, 0x0000000100000000)
  region size 1024K, 3 young (3072K), 3 survivors (3072K)
 Metaspace       used 46394K, capacity 46861K, committed 47024K, reserved 1091584K
  class space    used 5635K, capacity 5803K, committed 5888K, reserved 1048576K
}
Event: 7.107 GC heap before
{Heap before GC invocations=15 (full 0):
 garbage-first heap   total 45056K, used 33859K [0x00000000c2800000, 0x0000000100000000)
  region size 1024K, 17 young (17408K), 3 survivors (3072K)
 Metaspace       used 47252K, capacity 47750K, committed 47920K, reserved 1091584K
  class space    used 5746K, capacity 5945K, committed 6016K, reserved 1048576K
}
Event: 7.115 GC heap after
{Heap after GC invocations=16 (full 0):
 garbage-first heap   total 45056K, used 20281K [0x00000000c2800000, 0x0000000100000000)
  region size 1024K, 1 young (1024K), 1 survivors (1024K)
 Metaspace       used 47252K, capacity 47750K, committed 47920K, reserved 1091584K
  class space    used 5746K, capacity 5945K, committed 6016K, reserved 1048576K
}
Event: 7.276 GC heap before
{Heap before GC invocations=16 (full 0):
 garbage-first heap   total 45056K, used 33593K [0x00000000c2800000, 0x0000000100000000)
  region size 1024K, 14 young (14336K), 1 survivors (1024K)
 Metaspace       used 47297K, capacity 47814K, committed 47920K, reserved 1091584K
  class space    used 5755K, capacity 5945K, committed 6016K, reserved 1048576K
}
Event: 7.279 GC heap after
{Heap after GC invocations=17 (full 0):
 garbage-first heap   total 45056K, used 20406K [0x00000000c2800000, 0x0000000100000000)
  region size 1024K, 1 young (1024K), 1 survivors (1024K)
 Metaspace       used 47297K, capacity 47814K, committed 47920K, reserved 1091584K
  class space    used 5755K, capacity 5945K, committed 6016K, reserved 1048576K
}
Event: 65.231 GC heap before
{Heap before GC invocations=18 (full 0):
 garbage-first heap   total 45056K, used 34742K [0x00000000c2800000, 0x0000000100000000)
  region size 1024K, 15 young (15360K), 1 survivors (1024K)
 Metaspace       used 48100K, capacity 48606K, committed 48816K, reserved 1091584K
  class space    used 5857K, capacity 6069K, committed 6144K, reserved 1048576K
}
Event: 65.263 GC heap after
{Heap after GC invocations=19 (full 0):
 garbage-first heap   total 45056K, used 20904K [0x00000000c2800000, 0x0000000100000000)
  region size 1024K, 2 young (2048K), 2 survivors (2048K)
 Metaspace       used 48100K, capacity 48606K, committed 48816K, reserved 1091584K
  class space    used 5857K, capacity 6069K, committed 6144K, reserved 1048576K
}
Event: 68.047 GC heap before
{Heap before GC invocations=19 (full 0):
 garbage-first heap   total 45056K, used 34216K [0x00000000c2800000, 0x0000000100000000)
  region size 1024K, 16 young (16384K), 2 survivors (2048K)
 Metaspace       used 50723K, capacity 51236K, committed 51376K, reserved 1093632K
  class space    used 6111K, capacity 6326K, committed 6400K, reserved 1048576K
}
Event: 68.075 GC heap after
{Heap after GC invocations=20 (full 0):
 garbage-first heap   total 45056K, used 23136K [0x00000000c2800000, 0x0000000100000000)
  region size 1024K, 2 young (2048K), 2 survivors (2048K)
 Metaspace       used 50723K, capacity 51236K, committed 51376K, reserved 1093632K
  class space    used 6111K, capacity 6326K, committed 6400K, reserved 1048576K
}
Event: 69.407 GC heap before
{Heap before GC invocations=21 (full 0):
 garbage-first heap   total 45056K, used 34400K [0x00000000c2800000, 0x0000000100000000)
  region size 1024K, 14 young (14336K), 2 survivors (2048K)
 Metaspace       used 54034K, capacity 54596K, committed 54704K, reserved 1097728K
  class space    used 6359K, capacity 6550K, committed 6656K, reserved 1048576K
}
Event: 69.421 GC heap after
{Heap after GC invocations=22 (full 0):
 garbage-first heap   total 45056K, used 23730K [0x00000000c2800000, 0x0000000100000000)
  region size 1024K, 1 young (1024K), 1 survivors (1024K)
 Metaspace       used 54034K, capacity 54596K, committed 54704K, reserved 1097728K
  class space    used 6359K, capacity 6550K, committed 6656K, reserved 1048576K
}

